# JRE version: OpenJDK Runtime Environment Temurin-11.0.13+8 (11.0.13+8) (build 11.0.13+8)
# Java VM: OpenJDK 64-Bit Server VM Temurin-11.0.13+8 (11.0.13+8, mixed mode, tiered, compressed oops, g1 gc, windows-amd64)
Heap:
 garbage-first heap   total 262144K, used 137380K [0x00000000e0000000, 0x0000000100000000)
  region size 1024K, 104 young (106496K), 10 survivors (10240K)
 Metaspace       used 64815K, capacity 66745K, committed 67036K, reserved 313344K
  class space    used 8389K, capacity 9121K, committed 9216K, reserved 253952K
GC Heap History (20 events):
Event: 3.804 GC heap before
{Heap before GC invocations=0 (full 0):
 garbage-first heap   total 262144K, used 16384K [0x00000000e0000000, 0x0000000100000000)
  region size 1024K, 14 young (14336K), 0 survivors (0K)
 Metaspace       used 6749K, capacity 6937K, committed 7168K, reserved 262144K
  class space    used 571K, capacity 650K, committed 768K, reserved 253952K
}
Event: 3.955 GC heap after
{Heap after GC invocations=1 (full 0):
 garbage-first heap   total 262144K, used 4856K [0x00000000e0000000, 0x0000000100000000)
  region size 1024K, 2 young (2048K), 2 survivors (2048K)
 Metaspace       used 6749K, capacity 6937K, committed 7168K, reserved 262144K
  class space    used 571K, capacity 650K, committed 768K, reserved 253952K
}
Event: 5.624 GC heap before
{Heap before GC invocations=1 (full 0):
 garbage-first heap   total 262144K, used 19192K [0x00000000e0000000, 0x0000000100000000)
  region size 1024K, 13 young (13312K), 2 survivors (2048K)
 Metaspace       used 9922K, capacity 10194K, committed 10368K, reserved 264192K
  class space    used 1010K, capacity 1102K, committed 1152K, reserved 253952K
}
Event: 5.631 GC heap after
{Heap after GC invocations=2 (full 0):
 garbage-first heap   total 262144K, used 9608K [0x00000000e0000000, 0x0000000100000000)
  region size 1024K, 2 young (2048K), 2 survivors (2048K)
 Metaspace       used 9922K, capacity 10194K, committed 10368K, reserved 264192K
  class space    used 1010K, capacity 1102K, committed 1152K, reserved 253952K
}
Event: 8.059 GC heap before
{Heap before GC invocations=2 (full 0):
 garbage-first heap   total 262144K, used 38280K [0x00000000e0000000, 0x0000000100000000)
  region size 1024K, 29 young (29696K), 2 survivors (2048K)
 Metaspace       used 10867K, capacity 11085K, committed 11264K, reserved 264192K
  class space    used 1111K, capacity 1207K, committed 1280K, reserved 253952K
}
Event: 8.065 GC heap after
{Heap after GC invocations=3 (full 0):
 garbage-first heap   total 262144K, used 12151K [0x00000000e0000000, 0x0000000100000000)
  region size 1024K, 4 young (4096K), 4 survivors (4096K)
 Metaspace       used 10867K, capacity 11085K, committed 11264K, reserved 264192K
  class space    used 1111K, capacity 1207K, committed 1280K, reserved 253952K
}
Event: 18.107 GC heap before
{Heap before GC invocations=3 (full 0):
 garbage-first heap   total 262144K, used 52087K [0x00000000e0000000, 0x0000000100000000)
  region size 1024K, 44 young (45056K), 4 survivors (4096K)
 Metaspace       used 17627K, capacity 17988K, committed 18048K, reserved 270336K
  class space    used 2033K, capacity 2159K, committed 2176K, reserved 253952K
}
Event: 18.125 GC heap after
{Heap after GC invocations=4 (full 0):
 garbage-first heap   total 262144K, used 16521K [0x00000000e0000000, 0x0000000100000000)
  region size 1024K, 6 young (6144K), 6 survivors (6144K)
 Metaspace       used 17627K, capacity 17988K, committed 18048K, reserved 270336K
  class space    used 2033K, capacity 2159K, committed 2176K, reserved 253952K
}
Event: 21.261 GC heap before
{Heap before GC invocations=4 (full 0):
 garbage-first heap   total 262144K, used 47241K [0x00000000e0000000, 0x0000000100000000)
  region size 1024K, 37 young (37888K), 6 survivors (6144K)
 Metaspace       used 20720K, capacity 21185K, committed 21296K, reserved 274432K
  class space    used 2507K, capacity 2666K, committed 2688K, reserved 253952K
}
Event: 21.277 GC heap after
{Heap after GC invocations=5 (full 0):
 garbage-first heap   total 262144K, used 17396K [0x00000000e0000000, 0x0000000100000000)
  region size 1024K, 7 young (7168K), 7 survivors (7168K)
 Metaspace       used 20720K, capacity 21185K, committed 21296K, reserved 274432K
  class space    used 2507K, capacity 2666K, committed 2688K, reserved 253952K
}
Event: 28.971 GC heap before
{Heap before GC invocations=6 (full 0):
 garbage-first heap   total 262144K, used 72692K [0x00000000e0000000, 0x0000000100000000)
  region size 1024K, 61 young (62464K), 7 survivors (7168K)
 Metaspace       used 26834K, capacity 27444K, committed 27520K, reserved 278528K
  class space    used 3441K, capacity 3677K, committed 3712K, reserved 253952K
}
Event: 28.996 GC heap after
{Heap after GC invocations=7 (full 0):
 garbage-first heap   total 262144K, used 19897K [0x00000000e0000000, 0x0000000100000000)
  region size 1024K, 4 young (4096K), 4 survivors (4096K)
 Metaspace       used 26834K, capacity 27444K, committed 27520K, reserved 278528K
  class space    used 3441K, capacity 3677K, committed 3712K, reserved 253952K
}
Event: 36.597 GC heap before
{Heap before GC invocations=7 (full 0):
 garbage-first heap   total 262144K, used 92601K [0x00000000e0000000, 0x0000000100000000)
  region size 1024K, 76 young (77824K), 4 survivors (4096K)
 Metaspace       used 35023K, capacity 35944K, committed 36048K, reserved 286720K
  class space    used 4606K, capacity 4964K, committed 4992K, reserved 253952K
}
Event: 36.629 GC heap after
{Heap after GC invocations=8 (full 0):
 garbage-first heap   total 262144K, used 23655K [0x00000000e0000000, 0x0000000100000000)
  region size 1024K, 7 young (7168K), 7 survivors (7168K)
 Metaspace       used 35023K, capacity 35944K, committed 36048K, reserved 286720K
  class space    used 4606K, capacity 4964K, committed 4992K, reserved 253952K
}
Event: 52.861 GC heap before
{Heap before GC invocations=9 (full 0):
 garbage-first heap   total 262144K, used 159847K [0x00000000e0000000, 0x0000000100000000)
  region size 1024K, 137 young (140288K), 7 survivors (7168K)
 Metaspace       used 47869K, capacity 48985K, committed 49280K, reserved 296960K
  class space    used 6032K, capacity 6446K, committed 6528K, reserved 253952K
}
Event: 52.908 GC heap after
{Heap after GC invocations=10 (full 0):
 garbage-first heap   total 262144K, used 33342K [0x00000000e0000000, 0x0000000100000000)
  region size 1024K, 17 young (17408K), 17 survivors (17408K)
 Metaspace       used 47869K, capacity 48985K, committed 49280K, reserved 296960K
  class space    used 6032K, capacity 6446K, committed 6528K, reserved 253952K
}
Event: 65.058 GC heap before
{Heap before GC invocations=10 (full 0):
 garbage-first heap   total 262144K, used 171582K [0x00000000e0000000, 0x0000000100000000)
  region size 1024K, 152 young (155648K), 17 survivors (17408K)
 Metaspace       used 55472K, capacity 56828K, committed 57088K, reserved 305152K
  class space    used 7107K, capacity 7587K, committed 7680K, reserved 253952K
}
Event: 65.148 GC heap after
{Heap after GC invocations=11 (full 0):
 garbage-first heap   total 262144K, used 38923K [0x00000000e0000000, 0x0000000100000000)
  region size 1024K, 16 young (16384K), 16 survivors (16384K)
 Metaspace       used 55472K, capacity 56828K, committed 57088K, reserved 305152K
  class space    used 7107K, capacity 7587K, committed 7680K, reserved 253952K
}
Event: 69.291 GC heap before
{Heap before GC invocations=11 (full 0):
 garbage-first heap   total 262144K, used 89099K [0x00000000e0000000, 0x0000000100000000)
  region size 1024K, 66 young (67584K), 16 survivors (16384K)
 Metaspace       used 58810K, capacity 60482K, committed 60508K, reserved 307200K
  class space    used 7631K, capacity 8294K, committed 8320K, reserved 253952K
}
Event: 69.375 GC heap after
{Heap after GC invocations=12 (full 0):
 garbage-first heap   total 262144K, used 42148K [0x00000000e0000000, 0x0000000100000000)
  region size 1024K, 10 young (10240K), 10 survivors (10240K)
 Metaspace       used 58810K, capacity 60482K, committed 60508K, reserved 307200K
  class space    used 7631K, capacity 8294K, committed 8320K, reserved 253952K
}

