# JRE version: OpenJDK Runtime Environment Temurin-11.0.13+8 (11.0.13+8) (build 11.0.13+8)
# Java VM: OpenJDK 64-Bit Server VM Temurin-11.0.13+8 (11.0.13+8, mixed mode, tiered, compressed oops, g1 gc, windows-amd64)
Heap:
 garbage-first heap   total 262144K, used 71532K [0x00000000e0000000, 0x0000000100000000)
  region size 1024K, 52 young (53248K), 15 survivors (15360K)
 Metaspace       used 53176K, capacity 54464K, committed 54704K, reserved 303104K
  class space    used 6824K, capacity 7347K, committed 7424K, reserved 253952K
GC Heap History (18 events):
Event: 3.099 GC heap before
{Heap before GC invocations=0 (full 0):
 garbage-first heap   total 262144K, used 16384K [0x00000000e0000000, 0x0000000100000000)
  region size 1024K, 14 young (14336K), 0 survivors (0K)
 Metaspace       used 6748K, capacity 6937K, committed 7168K, reserved 262144K
  class space    used 572K, capacity 650K, committed 768K, reserved 253952K
}
Event: 3.165 GC heap after
{Heap after GC invocations=1 (full 0):
 garbage-first heap   total 262144K, used 4855K [0x00000000e0000000, 0x0000000100000000)
  region size 1024K, 2 young (2048K), 2 survivors (2048K)
 Metaspace       used 6748K, capacity 6937K, committed 7168K, reserved 262144K
  class space    used 572K, capacity 650K, committed 768K, reserved 253952K
}
Event: 6.048 GC heap before
{Heap before GC invocations=1 (full 0):
 garbage-first heap   total 262144K, used 20215K [0x00000000e0000000, 0x0000000100000000)
  region size 1024K, 14 young (14336K), 2 survivors (2048K)
 Metaspace       used 9920K, capacity 10194K, committed 10368K, reserved 264192K
  class space    used 1010K, capacity 1102K, committed 1152K, reserved 253952K
}
Event: 6.056 GC heap after
{Heap after GC invocations=2 (full 0):
 garbage-first heap   total 262144K, used 9630K [0x00000000e0000000, 0x0000000100000000)
  region size 1024K, 2 young (2048K), 2 survivors (2048K)
 Metaspace       used 9920K, capacity 10194K, committed 10368K, reserved 264192K
  class space    used 1010K, capacity 1102K, committed 1152K, reserved 253952K
}
Event: 10.150 GC heap before
{Heap before GC invocations=2 (full 0):
 garbage-first heap   total 262144K, used 38302K [0x00000000e0000000, 0x0000000100000000)
  region size 1024K, 30 young (30720K), 2 survivors (2048K)
 Metaspace       used 10863K, capacity 11085K, committed 11264K, reserved 264192K
  class space    used 1111K, capacity 1207K, committed 1280K, reserved 253952K
}
Event: 10.160 GC heap after
{Heap after GC invocations=3 (full 0):
 garbage-first heap   total 262144K, used 11751K [0x00000000e0000000, 0x0000000100000000)
  region size 1024K, 3 young (3072K), 3 survivors (3072K)
 Metaspace       used 10863K, capacity 11085K, committed 11264K, reserved 264192K
  class space    used 1111K, capacity 1207K, committed 1280K, reserved 253952K
}
Event: 19.690 GC heap before
{Heap before GC invocations=3 (full 0):
 garbage-first heap   total 262144K, used 53735K [0x00000000e0000000, 0x0000000100000000)
  region size 1024K, 44 young (45056K), 3 survivors (3072K)
 Metaspace       used 17442K, capacity 17788K, committed 18048K, reserved 270336K
  class space    used 2029K, capacity 2144K, committed 2176K, reserved 253952K
}
Event: 19.707 GC heap after
{Heap after GC invocations=4 (full 0):
 garbage-first heap   total 262144K, used 16198K [0x00000000e0000000, 0x0000000100000000)
  region size 1024K, 6 young (6144K), 6 survivors (6144K)
 Metaspace       used 17442K, capacity 17788K, committed 18048K, reserved 270336K
  class space    used 2029K, capacity 2144K, committed 2176K, reserved 253952K
}
Event: 23.324 GC heap before
{Heap before GC invocations=4 (full 0):
 garbage-first heap   total 262144K, used 41798K [0x00000000e0000000, 0x0000000100000000)
  region size 1024K, 32 young (32768K), 6 survivors (6144K)
 Metaspace       used 20685K, capacity 21167K, committed 21296K, reserved 274432K
  class space    used 2482K, capacity 2657K, committed 2688K, reserved 253952K
}
Event: 23.346 GC heap after
{Heap after GC invocations=5 (full 0):
 garbage-first heap   total 262144K, used 17744K [0x00000000e0000000, 0x0000000100000000)
  region size 1024K, 2 young (2048K), 2 survivors (2048K)
 Metaspace       used 20685K, capacity 21167K, committed 21296K, reserved 274432K
  class space    used 2482K, capacity 2657K, committed 2688K, reserved 253952K
}
Event: 30.458 GC heap before
{Heap before GC invocations=6 (full 0):
 garbage-first heap   total 262144K, used 72016K [0x00000000e0000000, 0x0000000100000000)
  region size 1024K, 55 young (56320K), 2 survivors (2048K)
 Metaspace       used 26470K, capacity 27053K, committed 27184K, reserved 278528K
  class space    used 3375K, capacity 3604K, committed 3712K, reserved 253952K
}
Event: 30.471 GC heap after
{Heap after GC invocations=7 (full 0):
 garbage-first heap   total 262144K, used 19619K [0x00000000e0000000, 0x0000000100000000)
  region size 1024K, 3 young (3072K), 3 survivors (3072K)
 Metaspace       used 26470K, capacity 27053K, committed 27184K, reserved 278528K
  class space    used 3375K, capacity 3604K, committed 3712K, reserved 253952K
}
Event: 39.007 GC heap before
{Heap before GC invocations=7 (full 0):
 garbage-first heap   total 262144K, used 79011K [0x00000000e0000000, 0x0000000100000000)
  region size 1024K, 62 young (63488K), 3 survivors (3072K)
 Metaspace       used 34866K, capacity 35627K, committed 35888K, reserved 286720K
  class space    used 4421K, capacity 4718K, committed 4736K, reserved 253952K
}
Event: 39.038 GC heap after
{Heap after GC invocations=8 (full 0):
 garbage-first heap   total 262144K, used 22869K [0x00000000e0000000, 0x0000000100000000)
  region size 1024K, 7 young (7168K), 7 survivors (7168K)
 Metaspace       used 34866K, capacity 35627K, committed 35888K, reserved 286720K
  class space    used 4421K, capacity 4718K, committed 4736K, reserved 253952K
}
Event: 49.377 GC heap before
{Heap before GC invocations=9 (full 0):
 garbage-first heap   total 262144K, used 109909K [0x00000000e0000000, 0x0000000100000000)
  region size 1024K, 90 young (92160K), 7 survivors (7168K)
 Metaspace       used 41703K, capacity 42683K, committed 42928K, reserved 292864K
  class space    used 5269K, capacity 5615K, committed 5632K, reserved 253952K
}
Event: 49.413 GC heap after
{Heap after GC invocations=10 (full 0):
 garbage-first heap   total 262144K, used 28600K [0x00000000e0000000, 0x0000000100000000)
  region size 1024K, 12 young (12288K), 12 survivors (12288K)
 Metaspace       used 41703K, capacity 42683K, committed 42928K, reserved 292864K
  class space    used 5269K, capacity 5615K, committed 5632K, reserved 253952K
}
Event: 65.770 GC heap before
{Heap before GC invocations=10 (full 0):
 garbage-first heap   total 262144K, used 172984K [0x00000000e0000000, 0x0000000100000000)
  region size 1024K, 153 young (156672K), 12 survivors (12288K)
 Metaspace       used 51954K, capacity 53227K, committed 53424K, reserved 301056K
  class space    used 6659K, capacity 7145K, committed 7168K, reserved 253952K
}
Event: 65.840 GC heap after
{Heap after GC invocations=11 (full 0):
 garbage-first heap   total 262144K, used 34668K [0x00000000e0000000, 0x0000000100000000)
  region size 1024K, 15 young (15360K), 15 survivors (15360K)
 Metaspace       used 51954K, capacity 53227K, committed 53424K, reserved 301056K
  class space    used 6659K, capacity 7145K, committed 7168K, reserved 253952K
}

